<?xml version="1.0" encoding="UTF-8"?>
<!-- Generated by org.testng.reporters.JUnitReportReporter -->
<testsuite hostname="PCIN487542" name="TestNGPractice1" tests="3" failures="0" timestamp="14 Apr 2020 09:54:55 GMT" time="0.025" errors="0">
  <testcase name="testLogin" time="0.024" classname="TestNGPractice1"/>
  <testcase name="testUserName" time="0.000" classname="TestNGPractice1"/>
  <testcase name="testPassword" time="0.001" classname="TestNGPractice1"/>
</testsuite> <!-- TestNGPractice1 -->
